# JRE version: Java(TM) SE Runtime Environment (8.0_151-b12) (build 1.8.0_151-b12)
# Java VM: Java HotSpot(TM) 64-Bit Server VM (25.151-b12 mixed mode windows-amd64 compressed oops)
Heap:
 PSYoungGen      total 419328K, used 410608K [0x00000000d5580000, 0x00000000f7500000, 0x0000000100000000)
  eden space 364032K, 97% used [0x00000000d5580000,0x00000000eb07f108,0x00000000eb900000)
  from space 55296K, 99% used [0x00000000eb900000,0x00000000eeefd140,0x00000000eef00000)
  to   space 73728K, 0% used [0x00000000f2d00000,0x00000000f2d00000,0x00000000f7500000)
 ParOldGen       total 167936K, used 123174K [0x0000000080000000, 0x000000008a400000, 0x00000000d5580000)
  object space 167936K, 73% used [0x0000000080000000,0x0000000087849b90,0x000000008a400000)
 Metaspace       used 94796K, capacity 98958K, committed 99200K, reserved 1136640K
  class space    used 11829K, capacity 12615K, committed 12672K, reserved 1048576K
GC Heap History (10 events):
Event: 1361.328 GC heap before
{Heap before GC invocations=48 (full 7):
 PSYoungGen      total 353792K, used 319488K [0x00000000d5580000, 0x00000000ed500000, 0x0000000100000000)
  eden space 319488K, 100% used [0x00000000d5580000,0x00000000e8d80000,0x00000000e8d80000)
  from space 34304K, 0% used [0x00000000eb080000,0x00000000eb080000,0x00000000ed200000)
  to   space 35840K, 0% used [0x00000000e8d80000,0x00000000e8d80000,0x00000000eb080000)
 ParOldGen       total 167936K, used 73224K [0x0000000080000000, 0x000000008a400000, 0x00000000d5580000)
  object space 167936K, 43% used [0x0000000080000000,0x0000000084782038,0x000000008a400000)
 Metaspace       used 88531K, capacity 91930K, committed 92032K, reserved 1130496K
  class space    used 11195K, capacity 11887K, committed 11904K, reserved 1048576K
Event: 1361.358 GC heap after
Heap after GC invocations=48 (full 7):
 PSYoungGen      total 355328K, used 8963K [0x00000000d5580000, 0x00000000eec00000, 0x0000000100000000)
  eden space 319488K, 0% used [0x00000000d5580000,0x00000000d5580000,0x00000000e8d80000)
  from space 35840K, 25% used [0x00000000e8d80000,0x00000000e9640f60,0x00000000eb080000)
  to   space 35328K, 0% used [0x00000000ec980000,0x00000000ec980000,0x00000000eec00000)
 ParOldGen       total 167936K, used 73232K [0x0000000080000000, 0x000000008a400000, 0x00000000d5580000)
  object space 167936K, 43% used [0x0000000080000000,0x0000000084784038,0x000000008a400000)
 Metaspace       used 88531K, capacity 91930K, committed 92032K, reserved 1130496K
  class space    used 11195K, capacity 11887K, committed 11904K, reserved 1048576K
}
Event: 1402.640 GC heap before
{Heap before GC invocations=49 (full 7):
 PSYoungGen      total 355328K, used 328451K [0x00000000d5580000, 0x00000000eec00000, 0x0000000100000000)
  eden space 319488K, 100% used [0x00000000d5580000,0x00000000e8d80000,0x00000000e8d80000)
  from space 35840K, 25% used [0x00000000e8d80000,0x00000000e9640f60,0x00000000eb080000)
  to   space 35328K, 0% used [0x00000000ec980000,0x00000000ec980000,0x00000000eec00000)
 ParOldGen       total 167936K, used 73232K [0x0000000080000000, 0x000000008a400000, 0x00000000d5580000)
  object space 167936K, 43% used [0x0000000080000000,0x0000000084784038,0x000000008a400000)
 Metaspace       used 91317K, capacity 95478K, committed 95616K, reserved 1132544K
  class space    used 11542K, capacity 12317K, committed 12416K, reserved 1048576K
Event: 1402.806 GC heap after
Heap after GC invocations=49 (full 7):
 PSYoungGen      total 373760K, used 19743K [0x00000000d5580000, 0x00000000ee800000, 0x0000000100000000)
  eden space 342528K, 0% used [0x00000000d5580000,0x00000000d5580000,0x00000000ea400000)
  from space 31232K, 63% used [0x00000000ec980000,0x00000000edcc7c28,0x00000000ee800000)
  to   space 34816K, 0% used [0x00000000ea400000,0x00000000ea400000,0x00000000ec600000)
 ParOldGen       total 167936K, used 73240K [0x0000000080000000, 0x000000008a400000, 0x00000000d5580000)
  object space 167936K, 43% used [0x0000000080000000,0x0000000084786038,0x000000008a400000)
 Metaspace       used 91317K, capacity 95478K, committed 95616K, reserved 1132544K
  class space    used 11542K, capacity 12317K, committed 12416K, reserved 1048576K
}
Event: 1412.584 GC heap before
{Heap before GC invocations=50 (full 7):
 PSYoungGen      total 373760K, used 362271K [0x00000000d5580000, 0x00000000ee800000, 0x0000000100000000)
  eden space 342528K, 100% used [0x00000000d5580000,0x00000000ea400000,0x00000000ea400000)
  from space 31232K, 63% used [0x00000000ec980000,0x00000000edcc7c28,0x00000000ee800000)
  to   space 34816K, 0% used [0x00000000ea400000,0x00000000ea400000,0x00000000ec600000)
 ParOldGen       total 167936K, used 73240K [0x0000000080000000, 0x000000008a400000, 0x00000000d5580000)
  object space 167936K, 43% used [0x0000000080000000,0x0000000084786038,0x000000008a400000)
 Metaspace       used 94475K, capacity 98702K, committed 98944K, reserved 1136640K
  class space    used 11824K, capacity 12615K, committed 12672K, reserved 1048576K
Event: 1412.784 GC heap after
Heap after GC invocations=50 (full 7):
 PSYoungGen      total 377344K, used 34815K [0x00000000d5580000, 0x00000000f1e80000, 0x0000000100000000)
  eden space 342528K, 0% used [0x00000000d5580000,0x00000000d5580000,0x00000000ea400000)
  from space 34816K, 99% used [0x00000000ea400000,0x00000000ec5ffe00,0x00000000ec600000)
  to   space 48640K, 0% used [0x00000000eef00000,0x00000000eef00000,0x00000000f1e80000)
 ParOldGen       total 167936K, used 96593K [0x0000000080000000, 0x000000008a400000, 0x00000000d5580000)
  object space 167936K, 57% used [0x0000000080000000,0x0000000085e54480,0x000000008a400000)
 Metaspace       used 94475K, capacity 98702K, committed 98944K, reserved 1136640K
  class space    used 11824K, capacity 12615K, committed 12672K, reserved 1048576K
}
Event: 1417.770 GC heap before
{Heap before GC invocations=51 (full 7):
 PSYoungGen      total 377344K, used 377343K [0x00000000d5580000, 0x00000000f1e80000, 0x0000000100000000)
  eden space 342528K, 100% used [0x00000000d5580000,0x00000000ea400000,0x00000000ea400000)
  from space 34816K, 99% used [0x00000000ea400000,0x00000000ec5ffe00,0x00000000ec600000)
  to   space 48640K, 0% used [0x00000000eef00000,0x00000000eef00000,0x00000000f1e80000)
 ParOldGen       total 167936K, used 96593K [0x0000000080000000, 0x000000008a400000, 0x00000000d5580000)
  object space 167936K, 57% used [0x0000000080000000,0x0000000085e54480,0x000000008a400000)
 Metaspace       used 94760K, capacity 98958K, committed 99200K, reserved 1136640K
  class space    used 11828K, capacity 12615K, committed 12672K, reserved 1048576K
Event: 1418.086 GC heap after
Heap after GC invocations=51 (full 7):
 PSYoungGen      total 412672K, used 44900K [0x00000000d5580000, 0x00000000f3300000, 0x0000000100000000)
  eden space 364032K, 0% used [0x00000000d5580000,0x00000000d5580000,0x00000000eb900000)
  from space 48640K, 92% used [0x00000000eef00000,0x00000000f1ad91e8,0x00000000f1e80000)
  to   space 55296K, 0% used [0x00000000eb900000,0x00000000eb900000,0x00000000eef00000)
 ParOldGen       total 167936K, used 96601K [0x0000000080000000, 0x000000008a400000, 0x00000000d5580000)
  object space 167936K, 57% used [0x0000000080000000,0x0000000085e56480,0x000000008a400000)
 Metaspace       used 94760K, capacity 98958K, committed 99200K, reserved 1136640K
  class space    used 11828K, capacity 12615K, committed 12672K, reserved 1048576K
}
Event: 1422.281 GC heap before
{Heap before GC invocations=52 (full 7):
 PSYoungGen      total 412672K, used 408932K [0x00000000d5580000, 0x00000000f3300000, 0x0000000100000000)
  eden space 364032K, 100% used [0x00000000d5580000,0x00000000eb900000,0x00000000eb900000)
  from space 48640K, 92% used [0x00000000eef00000,0x00000000f1ad91e8,0x00000000f1e80000)
  to   space 55296K, 0% used [0x00000000eb900000,0x00000000eb900000,0x00000000eef00000)
 ParOldGen       total 167936K, used 96601K [0x0000000080000000, 0x000000008a400000, 0x00000000d5580000)
  object space 167936K, 57% used [0x0000000080000000,0x0000000085e56480,0x000000008a400000)
 Metaspace       used 94784K, capacity 98958K, committed 99200K, reserved 1136640K
  class space    used 11829K, capacity 12615K, committed 12672K, reserved 1048576K
Event: 1422.584 GC heap after
Heap after GC invocations=52 (full 7):
 PSYoungGen      total 419328K, used 55284K [0x00000000d5580000, 0x00000000f7500000, 0x0000000100000000)
  eden space 364032K, 0% used [0x00000000d5580000,0x00000000d5580000,0x00000000eb900000)
  from space 55296K, 99% used [0x00000000eb900000,0x00000000eeefd140,0x00000000eef00000)
  to   space 73728K, 0% used [0x00000000f2d00000,0x00000000f2d00000,0x00000000f7500000)
 ParOldGen       total 167936K, used 123174K [0x0000000080000000, 0x000000008a400000, 0x00000000d5580000)
  object space 167936K, 73% used [0x0000000080000000,0x0000000087849b90,0x000000008a400000)
 Metaspace       used 94784K, capacity 98958K, committed 99200K, reserved 1136640K
  class space    used 11829K, capacity 12615K, committed 12672K, reserved 1048576K
}

